{"E:\\ExamenTecnicoNodejs\\src\\graphql.js": {"path":"E:\\ExamenTecnicoNodejs\\src\\graphql.js","statementMap":{},"fnMap":{},"branchMap":{},"s":{},"f":{},"b":{},"_coverageSchema":"43e27e138ebf9cfc5966b082cf9a028302ed4184","hash":"8025e6ae23d1687aaf4d6b8be35c1a54ffcf15ef"}
,"E:\\ExamenTecnicoNodejs\\src\\routes.js": {"path":"E:\\ExamenTecnicoNodejs\\src\\routes.js","statementMap":{},"fnMap":{},"branchMap":{},"s":{},"f":{},"b":{},"_coverageSchema":"43e27e138ebf9cfc5966b082cf9a028302ed4184","hash":"17c8f9eafc62f8042f0aa926611eda7f81204618"}
,"E:\\ExamenTecnicoNodejs\\src\\server.js": {"path":"E:\\ExamenTecnicoNodejs\\src\\server.js","statementMap":{"0":{"start":{"line":20,"column":12},"end":{"line":20,"column":18}},"1":{"start":{"line":21,"column":28},"end":{"line":21,"column":44}},"2":{"start":{"line":22,"column":15},"end":{"line":22,"column":24}},"3":{"start":{"line":23,"column":22},"end":{"line":23,"column":80}},"4":{"start":{"line":24,"column":13},"end":{"line":24,"column":21}},"5":{"start":{"line":25,"column":11},"end":{"line":25,"column":33}},"6":{"start":{"line":27,"column":0},"end":{"line":27,"column":23}},"7":{"start":{"line":29,"column":0},"end":{"line":38,"column":12}},"8":{"start":{"line":40,"column":0},"end":{"line":43,"column":2}},"9":{"start":{"line":41,"column":2},"end":{"line":41,"column":24}},"10":{"start":{"line":42,"column":2},"end":{"line":42,"column":32}},"11":{"start":{"line":44,"column":0},"end":{"line":47,"column":2}},"12":{"start":{"line":49,"column":0},"end":{"line":56,"column":1}}},"fnMap":{"0":{"name":"(anonymous_0)","decl":{"start":{"line":40,"column":11},"end":{"line":40,"column":12}},"loc":{"start":{"line":40,"column":16},"end":{"line":43,"column":1}},"line":40}},"branchMap":{"0":{"loc":{"start":{"line":49,"column":0},"end":{"line":56,"column":1}},"type":"if","locations":[{"start":{"line":49,"column":0},"end":{"line":56,"column":1}}],"line":49}},"s":{"0":1,"1":1,"2":1,"3":1,"4":1,"5":1,"6":1,"7":1,"8":1,"9":1,"10":1,"11":1,"12":1},"f":{"0":1},"b":{"0":[1]},"_coverageSchema":"43e27e138ebf9cfc5966b082cf9a028302ed4184","hash":"3c94b54f60f1d6ce490315134a37dc606992aed6"}
,"E:\\ExamenTecnicoNodejs\\src\\common\\base.repository.js": {"path":"E:\\ExamenTecnicoNodejs\\src\\common\\base.repository.js","statementMap":{"0":{"start":{"line":4,"column":24},"end":{"line":4,"column":45}},"1":{"start":{"line":5,"column":8},"end":{"line":5,"column":84}}},"fnMap":{"0":{"name":"(anonymous_0)","decl":{"start":{"line":3,"column":4},"end":{"line":3,"column":5}},"loc":{"start":{"line":3,"column":36},"end":{"line":6,"column":7}},"line":3}},"branchMap":{},"s":{"0":1,"1":1},"f":{"0":1},"b":{},"_coverageSchema":"43e27e138ebf9cfc5966b082cf9a028302ed4184","hash":"0a51b14eeb053160a83b5a5b393a5278a882e8ee"}
,"E:\\ExamenTecnicoNodejs\\src\\common\\db.js": {"path":"E:\\ExamenTecnicoNodejs\\src\\common\\db.js","statementMap":{"0":{"start":{"line":5,"column":12},"end":{"line":5,"column":18}},"1":{"start":{"line":10,"column":4},"end":{"line":10,"column":7}},"2":{"start":{"line":14,"column":4},"end":{"line":14,"column":32}},"3":{"start":{"line":18,"column":16},"end":{"line":30,"column":6}},"4":{"start":{"line":31,"column":4},"end":{"line":31,"column":35}},"5":{"start":{"line":33,"column":4},"end":{"line":33,"column":38}},"6":{"start":{"line":35,"column":4},"end":{"line":35,"column":14}},"7":{"start":{"line":40,"column":14},"end":{"line":40,"column":16}},"8":{"start":{"line":42,"column":14},"end":{"line":42,"column":44}},"9":{"start":{"line":44,"column":6},"end":{"line":44,"column":32}},"10":{"start":{"line":47,"column":4},"end":{"line":47,"column":24}},"11":{"start":{"line":49,"column":4},"end":{"line":49,"column":64}},"12":{"start":{"line":53,"column":4},"end":{"line":56,"column":5}},"13":{"start":{"line":54,"column":18},"end":{"line":54,"column":44}},"14":{"start":{"line":55,"column":6},"end":{"line":55,"column":42}},"15":{"start":{"line":58,"column":4},"end":{"line":58,"column":38}},"16":{"start":{"line":62,"column":14},"end":{"line":62,"column":16}},"17":{"start":{"line":65,"column":4},"end":{"line":69,"column":5}},"18":{"start":{"line":66,"column":17},"end":{"line":66,"column":42}},"19":{"start":{"line":68,"column":6},"end":{"line":68,"column":24}},"20":{"start":{"line":71,"column":4},"end":{"line":71,"column":24}},"21":{"start":{"line":72,"column":4},"end":{"line":72,"column":31}},"22":{"start":{"line":76,"column":4},"end":{"line":82,"column":5}},"23":{"start":{"line":77,"column":18},"end":{"line":77,"column":44}},"24":{"start":{"line":79,"column":6},"end":{"line":79,"column":17}},"25":{"start":{"line":81,"column":6},"end":{"line":81,"column":35}},"26":{"start":{"line":88,"column":4},"end":{"line":91,"column":5}},"27":{"start":{"line":89,"column":6},"end":{"line":89,"column":36}},"28":{"start":{"line":90,"column":6},"end":{"line":90,"column":35}},"29":{"start":{"line":95,"column":4},"end":{"line":95,"column":29}}},"fnMap":{"0":{"name":"(anonymous_0)","decl":{"start":{"line":13,"column":2},"end":{"line":13,"column":3}},"loc":{"start":{"line":13,"column":16},"end":{"line":15,"column":3}},"line":13},"1":{"name":"(anonymous_1)","decl":{"start":{"line":17,"column":2},"end":{"line":17,"column":3}},"loc":{"start":{"line":17,"column":21},"end":{"line":36,"column":3}},"line":17},"2":{"name":"(anonymous_2)","decl":{"start":{"line":38,"column":2},"end":{"line":38,"column":3}},"loc":{"start":{"line":38,"column":21},"end":{"line":50,"column":3}},"line":38},"3":{"name":"(anonymous_3)","decl":{"start":{"line":52,"column":2},"end":{"line":52,"column":3}},"loc":{"start":{"line":52,"column":26},"end":{"line":59,"column":3}},"line":52},"4":{"name":"(anonymous_4)","decl":{"start":{"line":61,"column":2},"end":{"line":61,"column":3}},"loc":{"start":{"line":61,"column":19},"end":{"line":73,"column":3}},"line":61},"5":{"name":"(anonymous_5)","decl":{"start":{"line":75,"column":2},"end":{"line":75,"column":3}},"loc":{"start":{"line":75,"column":20},"end":{"line":83,"column":3}},"line":75},"6":{"name":"(anonymous_6)","decl":{"start":{"line":87,"column":2},"end":{"line":87,"column":3}},"loc":{"start":{"line":87,"column":16},"end":{"line":92,"column":3}},"line":87},"7":{"name":"(anonymous_7)","decl":{"start":{"line":94,"column":2},"end":{"line":94,"column":3}},"loc":{"start":{"line":94,"column":16},"end":{"line":96,"column":3}},"line":94}},"branchMap":{"0":{"loc":{"start":{"line":53,"column":4},"end":{"line":56,"column":5}},"type":"if","locations":[{"start":{"line":53,"column":4},"end":{"line":56,"column":5}},{"start":{"line":53,"column":4},"end":{"line":56,"column":5}}],"line":53},"1":{"loc":{"start":{"line":76,"column":4},"end":{"line":82,"column":5}},"type":"if","locations":[{"start":{"line":76,"column":4},"end":{"line":82,"column":5}},{"start":{"line":76,"column":4},"end":{"line":82,"column":5}}],"line":76},"2":{"loc":{"start":{"line":88,"column":4},"end":{"line":91,"column":5}},"type":"if","locations":[{"start":{"line":88,"column":4},"end":{"line":91,"column":5}},{"start":{"line":88,"column":4},"end":{"line":91,"column":5}}],"line":88}},"s":{"0":1,"1":1,"2":1,"3":1,"4":1,"5":1,"6":1,"7":1,"8":1,"9":1,"10":1,"11":1,"12":1,"13":1,"14":1,"15":0,"16":0,"17":0,"18":0,"19":0,"20":0,"21":0,"22":0,"23":0,"24":0,"25":0,"26":2,"27":1,"28":1,"29":2},"f":{"0":1,"1":1,"2":1,"3":1,"4":0,"5":0,"6":2,"7":2},"b":{"0":[1,0],"1":[0,0],"2":[1,1]},"_coverageSchema":"43e27e138ebf9cfc5966b082cf9a028302ed4184","hash":"af304b87d202943a881ee34a1a24e12ba9f8eabb"}
,"E:\\ExamenTecnicoNodejs\\src\\modules\\conversion\\controller.js": {"path":"E:\\ExamenTecnicoNodejs\\src\\modules\\conversion\\controller.js","statementMap":{"0":{"start":{"line":3,"column":16},"end":{"line":3,"column":29}},"1":{"start":{"line":8,"column":17},"end":{"line":8,"column":33}},"2":{"start":{"line":9,"column":6},"end":{"line":9,"column":36}},"3":{"start":{"line":10,"column":4},"end":{"line":28,"column":5}},"4":{"start":{"line":11,"column":21},"end":{"line":11,"column":45}},"5":{"start":{"line":13,"column":6},"end":{"line":25,"column":7}},"6":{"start":{"line":14,"column":8},"end":{"line":14,"column":24}},"7":{"start":{"line":15,"column":8},"end":{"line":18,"column":9}},"8":{"start":{"line":20,"column":8},"end":{"line":20,"column":24}},"9":{"start":{"line":21,"column":8},"end":{"line":24,"column":9}},"10":{"start":{"line":27,"column":6},"end":{"line":27,"column":47}},"11":{"start":{"line":32,"column":19},"end":{"line":32,"column":42}},"12":{"start":{"line":33,"column":4},"end":{"line":33,"column":21}}},"fnMap":{"0":{"name":"(anonymous_0)","decl":{"start":{"line":7,"column":2},"end":{"line":7,"column":3}},"loc":{"start":{"line":7,"column":18},"end":{"line":29,"column":3}},"line":7},"1":{"name":"(anonymous_1)","decl":{"start":{"line":30,"column":2},"end":{"line":30,"column":3}},"loc":{"start":{"line":30,"column":18},"end":{"line":34,"column":3}},"line":30}},"branchMap":{"0":{"loc":{"start":{"line":13,"column":6},"end":{"line":25,"column":7}},"type":"if","locations":[{"start":{"line":13,"column":6},"end":{"line":25,"column":7}},{"start":{"line":13,"column":6},"end":{"line":25,"column":7}}],"line":13}},"s":{"0":1,"1":1,"2":1,"3":1,"4":1,"5":1,"6":1,"7":1,"8":0,"9":0,"10":0,"11":0,"12":0},"f":{"0":1,"1":0},"b":{"0":[1,0]},"_coverageSchema":"43e27e138ebf9cfc5966b082cf9a028302ed4184","hash":"d3a25e82c606261c38e4a6cd259869c90a877aa3"}
,"E:\\ExamenTecnicoNodejs\\src\\modules\\conversion\\model.js": {"path":"E:\\ExamenTecnicoNodejs\\src\\modules\\conversion\\model.js","statementMap":{"0":{"start":{"line":3,"column":13},"end":{"line":3,"column":25}},"1":{"start":{"line":5,"column":24},"end":{"line":11,"column":1}},"2":{"start":{"line":12,"column":15},"end":{"line":18,"column":1}},"3":{"start":{"line":19,"column":26},"end":{"line":28,"column":1}},"4":{"start":{"line":29,"column":14},"end":{"line":29,"column":30}},"5":{"start":{"line":30,"column":25},"end":{"line":30,"column":60}},"6":{"start":{"line":31,"column":23},"end":{"line":31,"column":56}}},"fnMap":{},"branchMap":{},"s":{"0":1,"1":1,"2":1,"3":1,"4":1,"5":1,"6":1},"f":{},"b":{},"_coverageSchema":"43e27e138ebf9cfc5966b082cf9a028302ed4184","hash":"8acb69764e87f1644572cc68276d9ecabdfa8aae"}
,"E:\\ExamenTecnicoNodejs\\src\\modules\\conversion\\repository.js": {"path":"E:\\ExamenTecnicoNodejs\\src\\modules\\conversion\\repository.js","statementMap":{"0":{"start":{"line":4,"column":11},"end":{"line":4,"column":33}},"1":{"start":{"line":8,"column":22},"end":{"line":8,"column":27}},"2":{"start":{"line":9,"column":22},"end":{"line":9,"column":63}},"3":{"start":{"line":10,"column":17},"end":{"line":10,"column":49}},"4":{"start":{"line":11,"column":4},"end":{"line":11,"column":15}},"5":{"start":{"line":14,"column":24},"end":{"line":14,"column":57}},"6":{"start":{"line":16,"column":4},"end":{"line":16,"column":22}},"7":{"start":{"line":19,"column":25},"end":{"line":19,"column":52}},"8":{"start":{"line":20,"column":21},"end":{"line":20,"column":43}},"9":{"start":{"line":22,"column":4},"end":{"line":34,"column":8}},"10":{"start":{"line":25,"column":8},"end":{"line":29,"column":9}},"11":{"start":{"line":26,"column":10},"end":{"line":26,"column":38}},"12":{"start":{"line":28,"column":10},"end":{"line":28,"column":42}},"13":{"start":{"line":30,"column":8},"end":{"line":30,"column":34}},"14":{"start":{"line":33,"column":8},"end":{"line":33,"column":34}}},"fnMap":{"0":{"name":"(anonymous_0)","decl":{"start":{"line":7,"column":2},"end":{"line":7,"column":3}},"loc":{"start":{"line":7,"column":21},"end":{"line":12,"column":3}},"line":7},"1":{"name":"(anonymous_1)","decl":{"start":{"line":13,"column":2},"end":{"line":13,"column":3}},"loc":{"start":{"line":13,"column":26},"end":{"line":17,"column":3}},"line":13},"2":{"name":"(anonymous_2)","decl":{"start":{"line":18,"column":2},"end":{"line":18,"column":3}},"loc":{"start":{"line":18,"column":19},"end":{"line":35,"column":3}},"line":18},"3":{"name":"(anonymous_3)","decl":{"start":{"line":24,"column":12},"end":{"line":24,"column":13}},"loc":{"start":{"line":24,"column":31},"end":{"line":31,"column":7}},"line":24},"4":{"name":"(anonymous_4)","decl":{"start":{"line":32,"column":13},"end":{"line":32,"column":14}},"loc":{"start":{"line":32,"column":20},"end":{"line":34,"column":7}},"line":32}},"branchMap":{"0":{"loc":{"start":{"line":9,"column":32},"end":{"line":9,"column":62}},"type":"cond-expr","locations":[{"start":{"line":9,"column":40},"end":{"line":9,"column":54}},{"start":{"line":9,"column":57},"end":{"line":9,"column":62}}],"line":9},"1":{"loc":{"start":{"line":25,"column":8},"end":{"line":29,"column":9}},"type":"if","locations":[{"start":{"line":25,"column":8},"end":{"line":29,"column":9}},{"start":{"line":25,"column":8},"end":{"line":29,"column":9}}],"line":25}},"s":{"0":1,"1":0,"2":0,"3":0,"4":0,"5":0,"6":0,"7":1,"8":1,"9":1,"10":1,"11":1,"12":1,"13":0,"14":0},"f":{"0":0,"1":0,"2":1,"3":1,"4":0},"b":{"0":[0,0],"1":[1,0]},"_coverageSchema":"43e27e138ebf9cfc5966b082cf9a028302ed4184","hash":"6edffb3ea5e3b3c9781a46262f496f83db79c145"}
,"E:\\ExamenTecnicoNodejs\\src\\modules\\conversion\\route.js": {"path":"E:\\ExamenTecnicoNodejs\\src\\modules\\conversion\\route.js","statementMap":{"0":{"start":{"line":4,"column":19},"end":{"line":4,"column":35}},"1":{"start":{"line":5,"column":14},"end":{"line":5,"column":64}},"2":{"start":{"line":6,"column":0},"end":{"line":6,"column":31}},"3":{"start":{"line":7,"column":0},"end":{"line":7,"column":32}}},"fnMap":{},"branchMap":{},"s":{"0":1,"1":1,"2":1,"3":1},"f":{},"b":{},"_coverageSchema":"43e27e138ebf9cfc5966b082cf9a028302ed4184","hash":"143c0267bc827f818956ecca8a8c511aefa13f96"}
,"E:\\ExamenTecnicoNodejs\\src\\modules\\conversion\\service.js": {"path":"E:\\ExamenTecnicoNodejs\\src\\modules\\conversion\\service.js","statementMap":{"0":{"start":{"line":5,"column":12},"end":{"line":5,"column":18}},"1":{"start":{"line":6,"column":19},"end":{"line":6,"column":35}},"2":{"start":{"line":7,"column":13},"end":{"line":7,"column":25}},"3":{"start":{"line":11,"column":3},"end":{"line":11,"column":99}},"4":{"start":{"line":13,"column":4},"end":{"line":13,"column":38}},"5":{"start":{"line":16,"column":4},"end":{"line":18,"column":6}}},"fnMap":{"0":{"name":"(anonymous_0)","decl":{"start":{"line":10,"column":2},"end":{"line":10,"column":3}},"loc":{"start":{"line":10,"column":19},"end":{"line":14,"column":3}},"line":10},"1":{"name":"(anonymous_1)","decl":{"start":{"line":15,"column":2},"end":{"line":15,"column":3}},"loc":{"start":{"line":15,"column":18},"end":{"line":19,"column":3}},"line":15}},"branchMap":{},"s":{"0":1,"1":1,"2":1,"3":1,"4":1,"5":0},"f":{"0":1,"1":0},"b":{},"_coverageSchema":"43e27e138ebf9cfc5966b082cf9a028302ed4184","hash":"60c22bf6d51943339c7ba7a8384f6b8179283fd2"}
,"E:\\ExamenTecnicoNodejs\\src\\modules\\conversion\\graphql\\index.js": {"path":"E:\\ExamenTecnicoNodejs\\src\\modules\\conversion\\graphql\\index.js","statementMap":{"0":{"start":{"line":7,"column":16},"end":{"line":7,"column":75}}},"fnMap":{},"branchMap":{},"s":{"0":1},"f":{},"b":{},"_coverageSchema":"43e27e138ebf9cfc5966b082cf9a028302ed4184","hash":"c7bfb59a0c89d7c8dcf5775143b10e41bf2c8b95"}
,"E:\\ExamenTecnicoNodejs\\src\\modules\\conversion\\graphql\\mutations.js": {"path":"E:\\ExamenTecnicoNodejs\\src\\modules\\conversion\\graphql\\mutations.js","statementMap":{"0":{"start":{"line":4,"column":16},"end":{"line":4,"column":29}},"1":{"start":{"line":11,"column":8},"end":{"line":11,"column":13}},"2":{"start":{"line":13,"column":4},"end":{"line":23,"column":5}},"3":{"start":{"line":14,"column":6},"end":{"line":20,"column":7}},"4":{"start":{"line":22,"column":6},"end":{"line":22,"column":47}}},"fnMap":{"0":{"name":"(anonymous_0)","decl":{"start":{"line":7,"column":2},"end":{"line":7,"column":3}},"loc":{"start":{"line":7,"column":36},"end":{"line":24,"column":3}},"line":7}},"branchMap":{},"s":{"0":1,"1":0,"2":0,"3":0,"4":0},"f":{"0":0},"b":{},"_coverageSchema":"43e27e138ebf9cfc5966b082cf9a028302ed4184","hash":"b066a406cbc85a507e289965532ecba7300ddcd7"}
,"E:\\ExamenTecnicoNodejs\\src\\modules\\conversion\\graphql\\queries.js": {"path":"E:\\ExamenTecnicoNodejs\\src\\modules\\conversion\\graphql\\queries.js","statementMap":{"0":{"start":{"line":3,"column":16},"end":{"line":3,"column":29}},"1":{"start":{"line":7,"column":4},"end":{"line":7,"column":34}}},"fnMap":{"0":{"name":"(anonymous_0)","decl":{"start":{"line":6,"column":2},"end":{"line":6,"column":3}},"loc":{"start":{"line":6,"column":33},"end":{"line":8,"column":3}},"line":6}},"branchMap":{},"s":{"0":1,"1":0},"f":{"0":0},"b":{},"_coverageSchema":"43e27e138ebf9cfc5966b082cf9a028302ed4184","hash":"60de58cd0451e6c343acca9e01145f714f1dd9ad"}
,"E:\\ExamenTecnicoNodejs\\src\\utils\\api-docs.js": {"path":"E:\\ExamenTecnicoNodejs\\src\\utils\\api-docs.js","statementMap":{"0":{"start":{"line":5,"column":13},"end":{"line":5,"column":47}},"1":{"start":{"line":6,"column":17},"end":{"line":6,"column":47}}},"fnMap":{},"branchMap":{},"s":{"0":1,"1":1},"f":{},"b":{},"_coverageSchema":"43e27e138ebf9cfc5966b082cf9a028302ed4184","hash":"51c4893d208c5bbe9365a39103e3ffac51375d26"}
,"E:\\ExamenTecnicoNodejs\\src\\utils\\api-error.js": {"path":"E:\\ExamenTecnicoNodejs\\src\\utils\\api-error.js","statementMap":{"0":{"start":{"line":4,"column":2},"end":{"line":12,"column":3}},"1":{"start":{"line":5,"column":4},"end":{"line":5,"column":16}},"2":{"start":{"line":6,"column":4},"end":{"line":8,"column":5}},"3":{"start":{"line":7,"column":6},"end":{"line":7,"column":40}}},"fnMap":{"0":{"name":"(anonymous_0)","decl":{"start":{"line":3,"column":15},"end":{"line":3,"column":16}},"loc":{"start":{"line":3,"column":36},"end":{"line":13,"column":1}},"line":3}},"branchMap":{"0":{"loc":{"start":{"line":6,"column":4},"end":{"line":8,"column":5}},"type":"if","locations":[{"start":{"line":6,"column":4},"end":{"line":8,"column":5}},{"start":{"line":6,"column":4},"end":{"line":8,"column":5}}],"line":6},"1":{"loc":{"start":{"line":6,"column":8},"end":{"line":6,"column":56}},"type":"binary-expr","locations":[{"start":{"line":6,"column":8},"end":{"line":6,"column":17}},{"start":{"line":6,"column":22},"end":{"line":6,"column":33}},{"start":{"line":6,"column":37},"end":{"line":6,"column":55}}],"line":6}},"s":{"0":1,"1":1,"2":1,"3":0},"f":{"0":1},"b":{"0":[0,1],"1":[1,0,0]},"_coverageSchema":"43e27e138ebf9cfc5966b082cf9a028302ed4184","hash":"6d3df7927278cd0d57310f571b4598404310a225"}
,"E:\\ExamenTecnicoNodejs\\src\\utils\\api-logger.js": {"path":"E:\\ExamenTecnicoNodejs\\src\\utils\\api-logger.js","statementMap":{"0":{"start":{"line":4,"column":24},"end":{"line":6,"column":2}},"1":{"start":{"line":8,"column":23},"end":{"line":10,"column":2}},"2":{"start":{"line":12,"column":15},"end":{"line":17,"column":2}},"3":{"start":{"line":15,"column":4},"end":{"line":15,"column":33}},"4":{"start":{"line":18,"column":14},"end":{"line":23,"column":2}},"5":{"start":{"line":21,"column":4},"end":{"line":21,"column":59}}},"fnMap":{"0":{"name":"(anonymous_0)","decl":{"start":{"line":14,"column":2},"end":{"line":14,"column":3}},"loc":{"start":{"line":14,"column":17},"end":{"line":16,"column":3}},"line":14},"1":{"name":"(anonymous_1)","decl":{"start":{"line":20,"column":2},"end":{"line":20,"column":3}},"loc":{"start":{"line":20,"column":17},"end":{"line":22,"column":3}},"line":20}},"branchMap":{"0":{"loc":{"start":{"line":21,"column":11},"end":{"line":21,"column":59}},"type":"binary-expr","locations":[{"start":{"line":21,"column":11},"end":{"line":21,"column":33}},{"start":{"line":21,"column":37},"end":{"line":21,"column":59}}],"line":21}},"s":{"0":1,"1":1,"2":1,"3":1,"4":1,"5":1},"f":{"0":1,"1":1},"b":{"0":[1,0]},"_coverageSchema":"43e27e138ebf9cfc5966b082cf9a028302ed4184","hash":"cd9107964efd393bea4cd23dd3b92ae991e1a7a2"}
,"E:\\ExamenTecnicoNodejs\\src\\utils\\api-not-favicon.js": {"path":"E:\\ExamenTecnicoNodejs\\src\\utils\\api-not-favicon.js","statementMap":{"0":{"start":{"line":2,"column":2},"end":{"line":5,"column":3}},"1":{"start":{"line":3,"column":4},"end":{"line":3,"column":20}},"2":{"start":{"line":4,"column":4},"end":{"line":4,"column":10}},"3":{"start":{"line":7,"column":2},"end":{"line":7,"column":14}}},"fnMap":{"0":{"name":"(anonymous_0)","decl":{"start":{"line":1,"column":15},"end":{"line":1,"column":16}},"loc":{"start":{"line":1,"column":36},"end":{"line":8,"column":1}},"line":1}},"branchMap":{"0":{"loc":{"start":{"line":2,"column":2},"end":{"line":5,"column":3}},"type":"if","locations":[{"start":{"line":2,"column":2},"end":{"line":5,"column":3}},{"start":{"line":2,"column":2},"end":{"line":5,"column":3}}],"line":2}},"s":{"0":1,"1":0,"2":0,"3":1},"f":{"0":1},"b":{"0":[0,1]},"_coverageSchema":"43e27e138ebf9cfc5966b082cf9a028302ed4184","hash":"36b34ec6a4f9002e42cf04a97e7b7f31153d0612"}
,"E:\\ExamenTecnicoNodejs\\src\\utils\\compress.js": {"path":"E:\\ExamenTecnicoNodejs\\src\\utils\\compress.js","statementMap":{},"fnMap":{},"branchMap":{},"s":{},"f":{},"b":{},"_coverageSchema":"43e27e138ebf9cfc5966b082cf9a028302ed4184","hash":"ce2155ac6ec4eb012df9c3c8e85d0fef87830b35"}
,"E:\\ExamenTecnicoNodejs\\src\\utils\\csp.js": {"path":"E:\\ExamenTecnicoNodejs\\src\\utils\\csp.js","statementMap":{},"fnMap":{},"branchMap":{},"s":{},"f":{},"b":{},"_coverageSchema":"43e27e138ebf9cfc5966b082cf9a028302ed4184","hash":"34526485a36cacd9b9d79af22a6270804794edaa"}
,"E:\\ExamenTecnicoNodejs\\src\\utils\\response-error.js": {"path":"E:\\ExamenTecnicoNodejs\\src\\utils\\response-error.js","statementMap":{"0":{"start":{"line":1,"column":19},"end":{"line":11,"column":1}},"1":{"start":{"line":2,"column":38},"end":{"line":2,"column":44}},"2":{"start":{"line":4,"column":2},"end":{"line":10,"column":3}},"3":{"start":{"line":15,"column":4},"end":{"line":15,"column":20}},"4":{"start":{"line":16,"column":4},"end":{"line":20,"column":6}},"5":{"start":{"line":21,"column":4},"end":{"line":21,"column":19}},"6":{"start":{"line":25,"column":4},"end":{"line":25,"column":52}},"7":{"start":{"line":26,"column":4},"end":{"line":30,"column":6}},"8":{"start":{"line":31,"column":4},"end":{"line":31,"column":19}}},"fnMap":{"0":{"name":"(anonymous_0)","decl":{"start":{"line":1,"column":19},"end":{"line":1,"column":20}},"loc":{"start":{"line":1,"column":39},"end":{"line":11,"column":1}},"line":1},"1":{"name":"(anonymous_1)","decl":{"start":{"line":14,"column":2},"end":{"line":14,"column":3}},"loc":{"start":{"line":14,"column":23},"end":{"line":22,"column":3}},"line":14},"2":{"name":"(anonymous_2)","decl":{"start":{"line":24,"column":2},"end":{"line":24,"column":3}},"loc":{"start":{"line":24,"column":39},"end":{"line":32,"column":3}},"line":24}},"branchMap":{"0":{"loc":{"start":{"line":25,"column":17},"end":{"line":25,"column":52}},"type":"binary-expr","locations":[{"start":{"line":25,"column":17},"end":{"line":25,"column":31}},{"start":{"line":25,"column":35},"end":{"line":25,"column":45}},{"start":{"line":25,"column":49},"end":{"line":25,"column":52}}],"line":25}},"s":{"0":2,"1":2,"2":2,"3":1,"4":1,"5":1,"6":1,"7":1,"8":1},"f":{"0":2,"1":1,"2":1},"b":{"0":[1,1,1]},"_coverageSchema":"43e27e138ebf9cfc5966b082cf9a028302ed4184","hash":"52460408b068ed1fb23bdfe332186014647c628d"}
,"E:\\ExamenTecnicoNodejs\\src\\utils\\util.js": {"path":"E:\\ExamenTecnicoNodejs\\src\\utils\\util.js","statementMap":{"0":{"start":{"line":1,"column":16},"end":{"line":7,"column":1}},"1":{"start":{"line":2,"column":2},"end":{"line":6,"column":3}}},"fnMap":{"0":{"name":"(anonymous_0)","decl":{"start":{"line":1,"column":16},"end":{"line":1,"column":17}},"loc":{"start":{"line":1,"column":25},"end":{"line":7,"column":1}},"line":1}},"branchMap":{"0":{"loc":{"start":{"line":3,"column":4},"end":{"line":5,"column":18}},"type":"binary-expr","locations":[{"start":{"line":3,"column":5},"end":{"line":3,"column":30}},{"start":{"line":3,"column":34},"end":{"line":3,"column":47}},{"start":{"line":4,"column":4},"end":{"line":4,"column":32}},{"start":{"line":5,"column":4},"end":{"line":5,"column":18}}],"line":3}},"s":{"0":1,"1":0},"f":{"0":0},"b":{"0":[0,0,0,0]},"_coverageSchema":"43e27e138ebf9cfc5966b082cf9a028302ed4184","hash":"92d79e7df7bf7fc8036cd077e64309005cbde847"}
}
